<!DOCTYPE html PUBLIC "-//W3C//DTD XHTML 1.1//EN" "http://www.w3.org/TR/xhtml11/DTD/xhtml11.dtd">
<html xmlns="http://www.w3.org/1999/xhtml"><head><title>TestNG Report</title><style type="text/css">table {margin-bottom:10px;border-collapse:collapse;empty-cells:show}th,td {border:1px solid #009;padding:.25em .5em}th {vertical-align:bottom}td {vertical-align:top}table a {font-weight:bold}.stripe td {background-color: #E6EBF9}.num {text-align:right}.passedodd td {background-color: #3F3}.passedeven td {background-color: #0A0}.skippedodd td {background-color: #DDD}.skippedeven td {background-color: #CCC}.failedodd td,.attn {background-color: #F33}.failedeven td,.stripe .attn {background-color: #D00}.stacktrace {white-space:pre;font-family:monospace}.totop {font-size:85%;text-align:center;border-bottom:2px solid #000}</style></head><body><table><tr><th>Test</th><th># Passed</th><th># Skipped</th><th># Failed</th><th>Time (ms)</th><th>Included Groups</th><th>Excluded Groups</th></tr><tr><th colspan="7">AmazonProductSearchParallelTest</th></tr><tr><td><a href="#t0">amazonProductSearch-env2</a></td><td class="num">0</td><td class="num">0</td><td class="num attn">1</td><td class="num">13,410</td><td></td><td></td></tr><tr class="stripe"><td><a href="#t1">amazonProductSearch-env1</a></td><td class="num">1</td><td class="num">0</td><td class="num">0</td><td class="num">30,330</td><td></td><td></td></tr><tr><th colspan="7">BrowserStackDemoSite</th></tr><tr><td><a href="#t2">bsDemoTest-env2</a></td><td class="num">0</td><td class="num">0</td><td class="num attn">1</td><td class="num">18,346</td><td></td><td></td></tr><tr class="stripe"><td><a href="#t3">bsDemoTest-env1</a></td><td class="num">1</td><td class="num">0</td><td class="num">0</td><td class="num">22,538</td><td></td><td></td></tr><tr><th colspan="7">LiveInception</th></tr><tr><td><a href="#t4">bsLiveTest-env1</a></td><td class="num">0</td><td class="num">0</td><td class="num attn">1</td><td class="num">40,874</td><td></td><td></td></tr><tr><th>Total</th><th class="num">2</th><th class="num">0</th><th class="num attn">3</th><th class="num">125,498</th><th colspan="2"></th></tr></table><table><thead><tr><th>Class</th><th>Method</th><th>Start</th><th>Time (ms)</th></tr></thead><tbody><tr><th colspan="4">AmazonProductSearchParallelTest</th></tr></tbody><tbody id="t0"><tr><th colspan="4">amazonProductSearch-env2 &#8212; failed</th></tr><tr class="failedeven"><td rowspan="1">amazonProductSearch.productSearchTest</td><td><a href="#m0">searchProduct</a></td><td rowspan="1">1656331676155</td><td rowspan="1">7366</td></tr></tbody><tbody id="t1"><tr><th colspan="4">amazonProductSearch-env1 &#8212; passed</th></tr><tr class="passedeven"><td rowspan="1">amazonProductSearch.productSearchTest</td><td><a href="#m1">searchProduct</a></td><td rowspan="1">1656331676535</td><td rowspan="1">24156</td></tr></tbody><tbody><tr><th colspan="4">BrowserStackDemoSite</th></tr></tbody><tbody id="t2"><tr><th colspan="4">bsDemoTest-env2 &#8212; failed</th></tr><tr class="failedeven"><td rowspan="1">bsDemoTest.stackDemoTest</td><td><a href="#m2">searchProduct</a></td><td rowspan="1">1656331751275</td><td rowspan="1">8459</td></tr></tbody><tbody id="t3"><tr><th colspan="4">bsDemoTest-env1 &#8212; passed</th></tr><tr class="passedeven"><td rowspan="1">bsDemoTest.stackDemoTest</td><td><a href="#m3">searchProduct</a></td><td rowspan="1">1656331751558</td><td rowspan="1">12409</td></tr></tbody><tbody><tr><th colspan="4">LiveInception</th></tr></tbody><tbody id="t4"><tr><th colspan="4">bsLiveTest-env1 &#8212; failed</th></tr><tr class="failedeven"><td rowspan="1">bsLiveInception.liveInceptionTest</td><td><a href="#m4">liveSession</a></td><td rowspan="1">1656331706319</td><td rowspan="1">35226</td></tr></tbody></table><h2>amazonProductSearch-env2</h2><h3 id="m0">amazonProductSearch.productSearchTest#searchProduct</h3><table class="result"><tr><th>Exception</th></tr><tr><td><div class="stacktrace">org.openqa.selenium.WebDriverException: 
Build info: version: &apos;3.12.0&apos;, revision: &apos;7c6e0b3&apos;, time: &apos;2018-05-08T14:04:26.12Z&apos;
System info: host: &apos;Siddhis-MacBook-Pro.local&apos;, ip: &apos;2401:4900:1c21:9faa:f057:8931:8ed7:7925%en0&apos;, os.name: &apos;Mac OS X&apos;, os.arch: &apos;aarch64&apos;, os.version: &apos;12.4&apos;, java.version: &apos;18.0.1.1&apos;
Driver info: org.openqa.selenium.remote.RemoteWebDriver
Capabilities {acceptInsecureCerts: false, browserName: Safari, browserVersion: 12.1.2, javascriptEnabled: true, platform: MAC, platformName: MAC, safari:automaticInspection: false, safari:automaticProfiling: false, safari:diagnose: false, setWindowRect: true, strictFileInteractability: false, webdriver.remote.sessionid: 00af79a7c16b743ce5208d2cb49..., webkit:WebRTC: {DisableICECandidateFiltering: false, DisableInsecureMediaCapture: false}}
Session ID: 00af79a7c16b743ce5208d2cb4942869d1446316
*** Element info: {Using=xpath, value=//*[@class=&apos;a-section a-spacing-small a-spacing-top-small&apos;]//span[contains(text(),&quot;result&quot;)]}
	at org.openqa.selenium.remote.http.W3CHttpResponseCodec.createException(W3CHttpResponseCodec.java:187)
	at org.openqa.selenium.remote.http.W3CHttpResponseCodec.decode(W3CHttpResponseCodec.java:122)
	at org.openqa.selenium.remote.http.W3CHttpResponseCodec.decode(W3CHttpResponseCodec.java:49)
	at org.openqa.selenium.remote.HttpCommandExecutor.execute(HttpCommandExecutor.java:158)
	at org.openqa.selenium.remote.RemoteWebDriver.execute(RemoteWebDriver.java:543)
	at org.openqa.selenium.remote.RemoteWebDriver.findElement(RemoteWebDriver.java:317)
	at org.openqa.selenium.remote.RemoteWebDriver.findElementByXPath(RemoteWebDriver.java:419)
	at org.openqa.selenium.By$ByXPath.findElement(By.java:353)
	at org.openqa.selenium.remote.RemoteWebDriver.findElement(RemoteWebDriver.java:309)
	at org.openqa.selenium.support.pagefactory.DefaultElementLocator.findElement(DefaultElementLocator.java:69)
	at org.openqa.selenium.support.pagefactory.internal.LocatingElementHandler.invoke(LocatingElementHandler.java:38)
	at jdk.proxy2/jdk.proxy2.$Proxy10.getText(Unknown Source)
	at bsDemoCommon.BasePO.searchedPageFilter(BasePO.java:240)
	at amazonProductSearch.productSearchTest.searchProduct(productSearchTest.java:23)
	at java.base/java.util.concurrent.FutureTask.run(FutureTask.java:264)
	at java.base/java.util.concurrent.ThreadPoolExecutor.runWorker(ThreadPoolExecutor.java:1136)
	at java.base/java.util.concurrent.ThreadPoolExecutor$Worker.run(ThreadPoolExecutor.java:635)
	at java.base/java.lang.Thread.run(Thread.java:833)
... Removed 17 stack frames</div></td></tr></table><p class="totop"><a href="#summary">back to summary</a></p><h2>amazonProductSearch-env1</h2><h3 id="m1">amazonProductSearch.productSearchTest#searchProduct</h3><table class="result"></table><p class="totop"><a href="#summary">back to summary</a></p><h2>bsDemoTest-env2</h2><h3 id="m2">bsDemoTest.stackDemoTest#searchProduct</h3><table class="result"><tr><th>Exception</th></tr><tr><td><div class="stacktrace">org.openqa.selenium.ElementNotInteractableException: Element &lt;div class=&quot;buy-btn&quot;&gt; could not be scrolled into view
Build info: version: &apos;3.12.0&apos;, revision: &apos;7c6e0b3&apos;, time: &apos;2018-05-08T14:04:26.12Z&apos;
System info: host: &apos;Siddhis-MacBook-Pro.local&apos;, ip: &apos;2401:4900:1c21:9faa:f057:8931:8ed7:7925%en0&apos;, os.name: &apos;Mac OS X&apos;, os.arch: &apos;aarch64&apos;, os.version: &apos;12.4&apos;, java.version: &apos;18.0.1.1&apos;
Driver info: org.openqa.selenium.remote.RemoteWebDriver
Capabilities {acceptInsecureCerts: false, browserName: firefox, browserVersion: 101.0, javascriptEnabled: true, moz:accessibilityChecks: false, moz:buildID: 20220526203855, moz:geckodriverVersion: 0.31.0, moz:headless: false, moz:processID: 4168, moz:profile: C:\Windows\proxy\rust_mozpr..., moz:shutdownTimeout: 60000, moz:useNonSpecCompliantPointerOrigin: false, moz:webdriverClick: true, pageLoadStrategy: normal, platform: WINDOWS, platformName: WINDOWS, platformVersion: 10.0, proxy: Proxy(), setWindowRect: true, strictFileInteractability: false, timeouts: {implicit: 0, pageLoad: 300000, script: 30000}, unhandledPromptBehavior: dismiss and notify, webdriver.remote.sessionid: e0b46cbc542625521cacb3a86e2...}
Session ID: e0b46cbc542625521cacb3a86e299e9eb50bd3f2
	at org.openqa.selenium.remote.http.W3CHttpResponseCodec.createException(W3CHttpResponseCodec.java:187)
	at org.openqa.selenium.remote.http.W3CHttpResponseCodec.decode(W3CHttpResponseCodec.java:122)
	at org.openqa.selenium.remote.http.W3CHttpResponseCodec.decode(W3CHttpResponseCodec.java:49)
	at org.openqa.selenium.remote.HttpCommandExecutor.execute(HttpCommandExecutor.java:158)
	at org.openqa.selenium.remote.RemoteWebDriver.execute(RemoteWebDriver.java:543)
	at org.openqa.selenium.remote.RemoteWebElement.execute(RemoteWebElement.java:276)
	at org.openqa.selenium.remote.RemoteWebElement.click(RemoteWebElement.java:83)
	at org.openqa.selenium.support.pagefactory.internal.LocatingElementHandler.invoke(LocatingElementHandler.java:51)
	at jdk.proxy2/jdk.proxy2.$Proxy10.click(Unknown Source)
	at bsDemoCommon.BasePO.checkout(BasePO.java:169)
	at bsDemoTest.stackDemoTest.searchProduct(stackDemoTest.java:29)
	at java.base/java.util.concurrent.FutureTask.run(FutureTask.java:264)
	at java.base/java.util.concurrent.ThreadPoolExecutor.runWorker(ThreadPoolExecutor.java:1136)
	at java.base/java.util.concurrent.ThreadPoolExecutor$Worker.run(ThreadPoolExecutor.java:635)
	at java.base/java.lang.Thread.run(Thread.java:833)
... Removed 19 stack frames</div></td></tr></table><p class="totop"><a href="#summary">back to summary</a></p><h2>bsDemoTest-env1</h2><h3 id="m3">bsDemoTest.stackDemoTest#searchProduct</h3><table class="result"></table><p class="totop"><a href="#summary">back to summary</a></p><h2>bsLiveTest-env1</h2><h3 id="m4">bsLiveInception.liveInceptionTest#liveSession</h3><table class="result"><tr><th>Exception</th></tr><tr><td><div class="stacktrace">org.openqa.selenium.WebDriverException: unknown error: cannot determine loading status
from unknown error: unexpected command response
  (Session info: chrome=103.0.5060.53)
Build info: version: &apos;3.12.0&apos;, revision: &apos;7c6e0b3&apos;, time: &apos;2018-05-08T14:04:26.12Z&apos;
System info: host: &apos;Siddhis-MacBook-Pro.local&apos;, ip: &apos;2401:4900:1c21:9faa:f057:8931:8ed7:7925%en0&apos;, os.name: &apos;Mac OS X&apos;, os.arch: &apos;aarch64&apos;, os.version: &apos;12.4&apos;, java.version: &apos;18.0.1.1&apos;
Driver info: org.openqa.selenium.remote.RemoteWebDriver
Capabilities {acceptInsecureCerts: false, browserName: chrome, browserVersion: 103.0.5060.53, chrome: {chromedriverVersion: 103.0.5060.24 (e47b049c438c..., userDataDir: C:\Windows\proxy\scoped_dir...}, goog:chromeOptions: {debuggerAddress: localhost:2091}, javascriptEnabled: true, networkConnectionEnabled: false, pageLoadStrategy: normal, platform: WINDOWS, platformName: WINDOWS, proxy: Proxy(), setWindowRect: true, strictFileInteractability: false, timeouts: {implicit: 0, pageLoad: 300000, script: 30000}, unhandledPromptBehavior: dismiss and notify, webauthn:extension:credBlob: true, webauthn:extension:largeBlob: true, webauthn:virtualAuthenticators: true, webdriver.remote.sessionid: c2afac3d552f84d01fd857db806...}
Session ID: c2afac3d552f84d01fd857db8066feb8d567aedc
	at org.openqa.selenium.remote.http.W3CHttpResponseCodec.createException(W3CHttpResponseCodec.java:187)
	at org.openqa.selenium.remote.http.W3CHttpResponseCodec.decode(W3CHttpResponseCodec.java:122)
	at org.openqa.selenium.remote.http.W3CHttpResponseCodec.decode(W3CHttpResponseCodec.java:49)
	at org.openqa.selenium.remote.HttpCommandExecutor.execute(HttpCommandExecutor.java:158)
	at org.openqa.selenium.remote.RemoteWebDriver.execute(RemoteWebDriver.java:543)
	at org.openqa.selenium.remote.RemoteWebElement.execute(RemoteWebElement.java:276)
	at org.openqa.selenium.remote.RemoteWebElement.click(RemoteWebElement.java:83)
	at org.openqa.selenium.support.pagefactory.internal.LocatingElementHandler.invoke(LocatingElementHandler.java:51)
	at jdk.proxy2/jdk.proxy2.$Proxy10.click(Unknown Source)
	at bsDemoCommon.BasePO.liveSession(BasePO.java:314)
	at bsLiveInception.liveInceptionTest.liveSession(liveInceptionTest.java:23)
	at java.base/java.util.concurrent.FutureTask.run(FutureTask.java:264)
	at java.base/java.util.concurrent.ThreadPoolExecutor.runWorker(ThreadPoolExecutor.java:1136)
	at java.base/java.util.concurrent.ThreadPoolExecutor$Worker.run(ThreadPoolExecutor.java:635)
	at java.base/java.lang.Thread.run(Thread.java:833)
... Removed 19 stack frames</div></td></tr></table><p class="totop"><a href="#summary">back to summary</a></p></body></html>